#
# There is insufficient memory for the Java Runtime Environment to continue.
# Native memory allocation (malloc) failed to allocate 1048576 bytes for AllocateHeap
# Possible reasons:
#   The system is out of physical RAM or swap space
#   The process is running with CompressedOops enabled, and the Java Heap may be blocking the growth of the native heap
# Possible solutions:
#   Reduce memory load on the system
#   Increase physical memory or swap space
#   Check if swap backing store is full
#   Decrease Java heap size (-Xmx/-Xms)
#   Decrease number of Java threads
#   Decrease Java thread stack sizes (-Xss)
#   Set larger code cache with -XX:ReservedCodeCacheSize=
#   JVM is running with Zero Based Compressed Oops mode in which the Java heap is
#     placed in the first 32GB address space. The Java Heap base address is the
#     maximum limit for the native heap growth. Please use -XX:HeapBaseMinAddress
#     to set the Java Heap base and to place the Java Heap above 32GB virtual address.
# This output file may be truncated or incomplete.
#
#  Out of Memory Error (memory/allocation.inline.hpp:61), pid=28508, tid=0x0000000000007558
#
# JRE version:  (8.0_241-b07) (build )
# Java VM: Java HotSpot(TM) 64-Bit Server VM (25.241-b07 mixed mode windows-amd64 compressed oops)
# Failed to write core dump. Minidumps are not enabled by default on client versions of Windows
#

---------------  T H R E A D  ---------------

Current thread (0x0000000002c81000):  JavaThread "Unknown thread" [_thread_in_vm, id=30040, stack(0x0000000002a80000,0x0000000002b80000)]

Stack: [0x0000000002a80000,0x0000000002b80000]
[error occurred during error reporting (printing stack bounds), id 0xc0000005]

Native frames: (J=compiled Java code, j=interpreted, Vv=VM code, C=native code)


---------------  P R O C E S S  ---------------

Java Threads: ( => current thread )

Other Threads:

=>0x0000000002c81000 (exited) JavaThread "Unknown thread" [_thread_in_vm, id=30040, stack(0x0000000002a80000,0x0000000002b80000)]

VM state:not at safepoint (normal execution)

VM Mutex/Monitor currently owned by a thread: None

heap address: 0x00000006c2600000, size: 4058 MB, Compressed Oops mode: Zero based, Oop shift amount: 3
Narrow klass base: 0x0000000000000000, Narrow klass shift: 3
Compressed class space size: 1073741824 Address: 0x00000007c0000000

Heap:
 PSYoungGen      total 75776K, used 1300K [0x000000076b780000, 0x0000000770c00000, 0x00000007c0000000)
  eden space 65024K, 2% used [0x000000076b780000,0x000000076b8c51f8,0x000000076f700000)
  from space 10752K, 0% used [0x0000000770180000,0x0000000770180000,0x0000000770c00000)
  to   space 10752K, 0% used [0x000000076f700000,0x000000076f700000,0x0000000770180000)
 ParOldGen       total 173568K, used 0K [0x00000006c2600000, 0x00000006ccf80000, 0x000000076b780000)
  object space 173568K, 0% used [0x00000006c2600000,0x00000006c2600000,0x00000006ccf80000)
 Metaspace       used 752K, capacity 4480K, committed 4480K, reserved 1056768K
  class space    used 76K, capacity 384K, committed 384K, reserved 1048576K

Card table byte_map: [0x0000000012140000,0x0000000012930000] byte_map_base: 0x000000000eb2d000

Marking Bits: (ParMarkBitMap*) 0x000000006c91be30
 Begin Bits: [0x0000000013880000, 0x00000000177e8000)
 End Bits:   [0x00000000177e8000, 0x000000001b750000)

Polling page: 0x0000000000ea0000

CodeCache: size=245760Kb used=328Kb max_used=328Kb free=245431Kb
 bounds [0x0000000002d80000, 0x0000000002ff0000, 0x0000000011d80000]
 total_blobs=58 nmethods=0 adapters=38
 compilation: enabled

Compilation events (0 events):
No events

GC Heap History (0 events):
No events

Deoptimization events (0 events):
No events

Classes redefined (0 events):
No events

Internal exceptions (0 events):
No events

Events (10 events):
Event: 0.028 loading class java/lang/Short
Event: 0.028 loading class java/lang/Short done
Event: 0.028 loading class java/lang/Integer
Event: 0.028 loading class java/lang/Integer done
Event: 0.028 loading class java/lang/Long
Event: 0.028 loading class java/lang/Long done
Event: 0.028 loading class java/lang/NullPointerException
Event: 0.028 loading class java/lang/NullPointerException done
Event: 0.028 loading class java/lang/ArithmeticException
Event: 0.028 loading class java/lang/ArithmeticException done


Dynamic libraries:
0x00007ff657f10000 - 0x00007ff657f47000 	C:\Program Files\Java\jre1.8.0_241\bin\javaw.exe
0x00007ffe6dd90000 - 0x00007ffe6df86000 	C:\WINDOWS\SYSTEM32\ntdll.dll
0x00007ffe6d530000 - 0x00007ffe6d5ed000 	C:\WINDOWS\System32\KERNEL32.DLL
0x00007ffe6b4e0000 - 0x00007ffe6b7a8000 	C:\WINDOWS\System32\KERNELBASE.dll
0x00007ffe6cd30000 - 0x00007ffe6cdda000 	C:\WINDOWS\System32\ADVAPI32.dll
0x00007ffe6c790000 - 0x00007ffe6c82e000 	C:\WINDOWS\System32\msvcrt.dll
0x00007ffe6d5f0000 - 0x00007ffe6d68b000 	C:\WINDOWS\System32\sechost.dll
0x00007ffe6d270000 - 0x00007ffe6d394000 	C:\WINDOWS\System32\RPCRT4.dll
0x00007ffe6d690000 - 0x00007ffe6d830000 	C:\WINDOWS\System32\USER32.dll
0x00007ffe6b800000 - 0x00007ffe6b822000 	C:\WINDOWS\System32\win32u.dll
0x00007ffe6dd20000 - 0x00007ffe6dd4a000 	C:\WINDOWS\System32\GDI32.dll
0x00007ffe6b890000 - 0x00007ffe6b999000 	C:\WINDOWS\System32\gdi32full.dll
0x00007ffe6ba80000 - 0x00007ffe6bb1d000 	C:\WINDOWS\System32\msvcp_win.dll
0x00007ffe6bc80000 - 0x00007ffe6bd80000 	C:\WINDOWS\System32\ucrtbase.dll
0x00007ffe5fe20000 - 0x00007ffe600bb000 	C:\WINDOWS\WinSxS\amd64_microsoft.windows.common-controls_6595b64144ccf1df_6.0.19041.488_none_ca04af081b815d21\COMCTL32.dll
0x00007ffe6be90000 - 0x00007ffe6bec0000 	C:\WINDOWS\System32\IMM32.DLL
0x000000006f150000 - 0x000000006f222000 	C:\Program Files\Java\jre1.8.0_241\bin\msvcr100.dll
0x000000006c0f0000 - 0x000000006c99c000 	C:\Program Files\Java\jre1.8.0_241\bin\server\jvm.dll
0x00007ffe6be60000 - 0x00007ffe6be68000 	C:\WINDOWS\System32\PSAPI.DLL
0x00007ffe50c00000 - 0x00007ffe50c09000 	C:\WINDOWS\SYSTEM32\WSOCK32.dll
0x00007ffe60270000 - 0x00007ffe60297000 	C:\WINDOWS\SYSTEM32\WINMM.dll
0x00007ffe65130000 - 0x00007ffe6513a000 	C:\WINDOWS\SYSTEM32\VERSION.dll
0x00007ffe6dbe0000 - 0x00007ffe6dc4b000 	C:\WINDOWS\System32\WS2_32.dll
0x00007ffe5aad0000 - 0x00007ffe5aadf000 	C:\Program Files\Java\jre1.8.0_241\bin\verify.dll
0x00007ffe2b610000 - 0x00007ffe2b639000 	C:\Program Files\Java\jre1.8.0_241\bin\java.dll
0x00007ffe43950000 - 0x00007ffe43966000 	C:\Program Files\Java\jre1.8.0_241\bin\zip.dll

VM Arguments:
jvm_args: -Dfile.encoding=UTF-8 
java_command: com.jh.hash.unfinished.run.Run
java_class_path (initial): C:\Users\Powergen\Desktop\Java\Programmers_Code\bin
Launcher Type: SUN_STANDARD

Environment Variables:
PATH=C:/Program Files/Java/jre1.8.0_241/bin/server;C:/Program Files/Java/jre1.8.0_241/bin;C:/Program Files/Java/jre1.8.0_241/lib/amd64;C:\Program Files (x86)\Common Files\Oracle\Java\javapath;C:\Program Files (x86)\Common Files\Java\javapath;C:\WINDOWS\system32;C:\WINDOWS;C:\WINDOWS\System32\Wbem;C:\WINDOWS\System32\WindowsPowerShell\v1.0\;C:\WINDOWS\System32\OpenSSH\;C:\Program Files\Microsoft SQL Server\Client SDK\ODBC\110\Tools\Binn\;C:\Program Files (x86)\Microsoft SQL Server\120\Tools\Binn\;C:\Program Files\Microsoft SQL Server\120\Tools\Binn\;C:\Program Files\Microsoft SQL Server\120\DTS\Binn\;C:\Program Files\Java\jdk1.8.0_241\bin;C:\Users\Powergen\AppData\Local\Programs\Python\Python35\Scripts\;C:\Users\Powergen\AppData\Local\Programs\Python\Python35\;C:\Users\Powergen\AppData\Local\Microsoft\WindowsApps;;C:\Users\Powergen\Desktop;
USERNAME=Powergen
OS=Windows_NT
PROCESSOR_IDENTIFIER=Intel64 Family 6 Model 158 Stepping 10, GenuineIntel



---------------  S Y S T E M  ---------------

OS: Windows 10.0 , 64 bit Build 19041 (10.0.19041.546)

CPU:total 12 (initial active 12) (6 cores per cpu, 2 threads per core) family 6 model 158 stepping 10, cmov, cx8, fxsr, mmx, sse, sse2, sse3, ssse3, sse4.1, sse4.2, popcnt, avx, avx2, aes, clmul, erms, 3dnowpref, lzcnt, ht, tsc, tscinvbit, bmi1, bmi2, adx

Memory: 4k page, physical 16616680k(5385968k free), swap 47791332k(5124k free)

vm_info: Java HotSpot(TM) 64-Bit Server VM (25.241-b07) for windows-amd64 JRE (1.8.0_241-b07), built on Dec 11 2019 10:21:40 by "rejava" with MS VC++ 10.0 (VS2010)

time: Wed Dec 09 12:24:25 2020
timezone: 대한민국 표준시
elapsed time: 0 seconds (0d 0h 0m 0s)

